Determining if the pthread_create exist failed with the following output:
Change Dir: /home/looper/CLionProjects/SnakeWar/cmake-build-debug/CMakeFiles/CMakeTmp

Run Build Command:"/usr/bin/make" "cmTC_79111/fast"
/usr/bin/make -f CMakeFiles/cmTC_79111.dir/build.make CMakeFiles/cmTC_79111.dir/build
make[1]: 进入目录“/home/looper/CLionProjects/SnakeWar/cmake-build-debug/CMakeFiles/CMakeTmp”
Building C object CMakeFiles/cmTC_79111.dir/CheckSymbolExists.c.o
/usr/bin/cc    -o CMakeFiles/cmTC_79111.dir/CheckSymbolExists.c.o   -c /home/looper/CLionProjects/SnakeWar/cmake-build-debug/CMakeFiles/CMakeTmp/CheckSymbolExists.c
Linking C executable cmTC_79111
/home/looper/下载/CLion-2018.2.4/clion-2018.2.4/bin/cmake/linux/bin/cmake -E cmake_link_script CMakeFiles/cmTC_79111.dir/link.txt --verbose=1
/usr/bin/cc      CMakeFiles/cmTC_79111.dir/CheckSymbolExists.c.o  -o cmTC_79111 
/usr/bin/ld: CMakeFiles/cmTC_79111.dir/CheckSymbolExists.c.o: in function `main':
CheckSymbolExists.c:(.text+0x1b): undefined reference to `pthread_create'
collect2: 错误：ld 返回 1
make[1]: *** [CMakeFiles/cmTC_79111.dir/build.make:87：cmTC_79111] 错误 1
make[1]: 离开目录“/home/looper/CLionProjects/SnakeWar/cmake-build-debug/CMakeFiles/CMakeTmp”
make: *** [Makefile:121：cmTC_79111/fast] 错误 2

File /home/looper/CLionProjects/SnakeWar/cmake-build-debug/CMakeFiles/CMakeTmp/CheckSymbolExists.c:
/* */
#include <pthread.h>

int main(int argc, char** argv)
{
  (void)argv;
#ifndef pthread_create
  return ((int*)(&pthread_create))[argc];
#else
  (void)argc;
  return 0;
#endif
}

Determining if the function pthread_create exists in the pthreads failed with the following output:
Change Dir: /home/looper/CLionProjects/SnakeWar/cmake-build-debug/CMakeFiles/CMakeTmp

Run Build Command:"/usr/bin/make" "cmTC_431fe/fast"
/usr/bin/make -f CMakeFiles/cmTC_431fe.dir/build.make CMakeFiles/cmTC_431fe.dir/build
make[1]: 进入目录“/home/looper/CLionProjects/SnakeWar/cmake-build-debug/CMakeFiles/CMakeTmp”
Building C object CMakeFiles/cmTC_431fe.dir/CheckFunctionExists.c.o
/usr/bin/cc   -DCHECK_FUNCTION_EXISTS=pthread_create   -o CMakeFiles/cmTC_431fe.dir/CheckFunctionExists.c.o   -c /home/looper/下载/CLion-2018.2.4/clion-2018.2.4/bin/cmake/linux/share/cmake-3.12/Modules/CheckFunctionExists.c
Linking C executable cmTC_431fe
/home/looper/下载/CLion-2018.2.4/clion-2018.2.4/bin/cmake/linux/bin/cmake -E cmake_link_script CMakeFiles/cmTC_431fe.dir/link.txt --verbose=1
/usr/bin/cc  -DCHECK_FUNCTION_EXISTS=pthread_create    CMakeFiles/cmTC_431fe.dir/CheckFunctionExists.c.o  -o cmTC_431fe -lpthreads 
/usr/bin/ld: 找不到 -lpthreads
collect2: 错误：ld 返回 1
make[1]: *** [CMakeFiles/cmTC_431fe.dir/build.make:87：cmTC_431fe] 错误 1
make[1]: 离开目录“/home/looper/CLionProjects/SnakeWar/cmake-build-debug/CMakeFiles/CMakeTmp”
make: *** [Makefile:121：cmTC_431fe/fast] 错误 2


